<?xml version="1.0" encoding="UTF-8"?>
<testsuite name="com.bcs.certification.digitalloan.runners.e2eDigitalChannelsRunner" tests="0" skipped="0" failures="0" errors="0" timestamp="1970-01-01T00:00:00" hostname="GAVILAN" time="0.0">
  <properties/>
  <system-out><![CDATA[
Failed scenarios:
src/test/resources/features/e2e-channels.feature:42 # no with digital channels

1 Scenarios (1 failed)
3 Steps (1 failed, 2 passed)
0m31,651s

java.lang.AssertionError: no such element: Unable to locate element: {"method":"xpath","selector":"//h1[text()='Por su seguridad validaremos su identidad']"}
  (Session info: chrome=106.0.5249.103)
For documentation on this error, please visit: https://www.seleniumhq.org/exceptions/no_such_element.html
Build info: version: '3.141.59', revision: 'e82be7d358', time: '2018-11-14T08:17:03'
System info: host: 'GAVILAN', ip: '192.168.5.115', os.name: 'Windows 10', os.arch: 'amd64', os.version: '10.0', java.version: '1.8.0_322'
Driver info: org.openqa.selenium.chrome.ChromeDriver
Capabilities {acceptInsecureCerts: false, browserName: chrome, browserVersion: 106.0.5249.103, chrome: {chromedriverVersion: 105.0.5195.52 (412c95e51883..., userDataDir: C:\Users\GAVILAN\AppData\Lo...}, goog:chromeOptions: {debuggerAddress: localhost:50634}, javascriptEnabled: true, networkConnectionEnabled: false, pageLoadStrategy: normal, platform: WINDOWS, platformName: WINDOWS, proxy: Proxy(), setWindowRect: true, strictFileInteractability: false, timeouts: {implicit: 0, pageLoad: 300000, script: 30000}, unhandledPromptBehavior: dismiss and notify, webauthn:extension:credBlob: true, webauthn:extension:largeBlob: true, webauthn:virtualAuthenticators: true}
Session ID: 1c805ac8c25d9183029b20cd5d03bc66
*** Element info: {Using=xpath, value=//h1[text()='Por su seguridad validaremos su identidad']}
	at net.serenitybdd.screenplay.ErrorTally.throwSummaryExceptionFrom(ErrorTally.java:36)
	at net.serenitybdd.screenplay.ErrorTally.reportAnyErrors(ErrorTally.java:30)
	at net.serenitybdd.screenplay.Actor.should(Actor.java:301)
	at com.bcs.certification.digitalloan.stepdefinitions.e2eDigitalChannelsStep.iCanSeeTheIdentityValidationScreen(e2eDigitalChannelsStep.java:71)
	at ?.I can see the identity validation screen. Por su seguridad validaremos su identidad(src/test/resources/features/e2e-channels.feature:37)

]]></system-out>
  <system-err><![CDATA[[Test worker] INFO net.thucydides.core.steps.ConsoleLoggingListener - ?[96m

-------------------------------------------------------------------------------------
     _______. _______ .______       _______ .__   __.  __  .___________.____    ____ 
    /       ||   ____||   _  \     |   ____||  \ |  | |  | |           |\   \  /   / 
   |   (----`|  |__   |  |_)  |    |  |__   |   \|  | |  | `---|  |----` \   \/   /  
    \   \    |   __|  |      /     |   __|  |  . `  | |  |     |  |       \_    _/   
.----)   |   |  |____ |  |\  \----.|  |____ |  |\   | |  |     |  |         |  |     
|_______/    |_______|| _| `._____||_______||__| \__| |__|     |__|         |__|    
                                                                                     
 News and tutorials at http://www.serenity-bdd.info                                  
 Documentation at https://wakaleo.gitbooks.io/the-serenity-book/content/             
 Join the Serenity Community on Rocket Chat at https://serenity-bdd.rocket.chat      
 Serenity BDD Support and Training at http://serenity-bdd.info/#/trainingandsupport  
 Learn Serenity BDD online at http://serenity-dojo.com                               
-------------------------------------------------------------------------------------
?[0m
[Test worker] INFO net.thucydides.core.steps.ConsoleLoggingListener - Test Suite Started: screen to validate whether or not you have digital channels
ERROR StatusLogger Log4j2 could not find a logging implementation. Please add log4j-core to the classpath. Using SimpleLogger to log to the console...
Cleaning up unclosed ZipFile for archive D:\escritorio\bcs-loans-qa\.\src\test\resources\datadriven\login\testData.xlsx
Cleaning up unclosed ZipFile for archive D:\escritorio\bcs-loans-qa\.\src\test\resources\datadriven\login\testData.xlsx
[Test worker] INFO net.thucydides.core.steps.ConsoleLoggingListener - Test Suite Started: screen to validate whether or not you have digital channels
[Test worker] INFO net.thucydides.core.steps.ConsoleLoggingListener - 
 _____ _____ ____ _____   ____ _____  _    ____ _____ _____ ____  
|_   _| ____/ ___|_   _| / ___|_   _|/ \  |  _ \_   _| ____|  _ \ 
  | | |  _| \___ \ | |   \___ \ | | / _ \ | |_) || | |  _| | | | |
  | | | |___ ___) || |    ___) || |/ ___ \|  _ < | | | |___| |_| |
  |_| |_____|____/ |_|   |____/ |_/_/   \_\_| \_\|_| |_____|____/ 
                                                                  

TEST STARTED: no with digital channels
-------------------------------------------------------------------(screen-to-validate-whether-or-not-you-have-digital-channels;no-with-digital-channels)
[Test worker] INFO net.thucydides.core.steps.ConsoleLoggingListener - STARTING STEP Example: {textOnboarding=Le damos la bienvenida a, textLogin=Bienvenido a, idType=Cédula de ciudadanía, idNumber=1030618791, txtIdentityValidation=Por su seguridad validaremos su identidad}
]]></system-err>
</testsuite>
