<?xml version="1.0" encoding="UTF-8"?>
<testsuite name="screen to validate whether or not you have digital channels" tests="1" skipped="0" failures="0" errors="0" timestamp="2022-09-19T21:52:26" hostname="GAVILAN" time="31.572">
  <properties/>
  <testcase name="with digital channels" classname="screen to validate whether or not you have digital channels" time="31.572"/>
  <system-out><![CDATA[Se esta ejecutando el escenario número: 1
El escenario número: 1 se ha ejecutado
]]></system-out>
  <system-err><![CDATA[[Test worker] INFO net.thucydides.core.steps.ConsoleLoggingListener - STARTING STEP Given the client enters the main page. Tiene un crédito preaprobado de libre inversión
Cleaning up unclosed ZipFile for archive D:\escritorio\bcs-loans-qa\.\src\test\resources\datadriven\login\testData.xlsx
Cleaning up unclosed ZipFile for archive D:\escritorio\bcs-loans-qa\.\src\test\resources\datadriven\login\testData.xlsx
Cleaning up unclosed ZipFile for archive D:\escritorio\bcs-loans-qa\.\src\test\resources\datadriven\login\testData.xlsx
Cleaning up unclosed ZipFile for archive D:\escritorio\bcs-loans-qa\.\src\test\resources\datadriven\login\testData.xlsx
[Test worker] INFO net.thucydides.core.steps.ConsoleLoggingListener - STARTING STEP Actor to access
[Test worker] INFO net.thucydides.core.steps.ConsoleLoggingListener - STARTING STEP actor opens the Digital loan URL
sep 19, 2022 4:52:26 PM org.openqa.selenium.remote.DesiredCapabilities chrome
INFORMACIÓN: Using `new ChromeOptions()` is preferred to `DesiredCapabilities.chrome()`
[Test worker] INFO net.serenitybdd.core.webdriver.driverproviders.ProvideNewDriver - Instantiating driver
[Test worker] INFO net.serenitybdd.core.webdriver.driverproviders.ProvideNewDriver - Driver capabilities: Capabilities {acceptInsecureCerts: false, browserName: chrome, goog:chromeOptions: {args: [], extensions: []}, loggingPrefs: org.openqa.selenium.logging..., platform: ANY, version: }
Starting ChromeDriver 105.0.5195.52 (412c95e518836d8a7d97250d62b29c2ae6a26a85-refs/branch-heads/5195@{#853}) on port 29441
Only local connections are allowed.
Please see https://chromedriver.chromium.org/security-considerations for suggestions on keeping ChromeDriver safe.
ChromeDriver was started successfully.
sep 19, 2022 4:52:28 PM org.openqa.selenium.remote.ProtocolHandshake createSession
INFORMACIÓN: Detected dialect: W3C
[Test worker] INFO net.thucydides.core.steps.ConsoleLoggingListener - FINISHING STEP
[Test worker] INFO net.thucydides.core.steps.ConsoleLoggingListener - FINISHING STEP
[Test worker] INFO net.thucydides.core.steps.ConsoleLoggingListener - STARTING STEP Then onboarding question
[Test worker] INFO net.thucydides.core.steps.ConsoleLoggingListener - FINISHING STEP
[Test worker] INFO net.thucydides.core.steps.ConsoleLoggingListener - STARTING STEP Actor onboarding
[Test worker] INFO net.thucydides.core.steps.ConsoleLoggingListener - STARTING STEP actor clicks on Button verifique aqui
[Test worker] INFO net.thucydides.core.steps.ConsoleLoggingListener - FINISHING STEP
[Test worker] INFO net.thucydides.core.steps.ConsoleLoggingListener - FINISHING STEP
[Test worker] INFO net.thucydides.core.steps.ConsoleLoggingListener - FINISHING STEP
[Test worker] INFO net.thucydides.core.steps.ConsoleLoggingListener - STARTING STEP When you fill in the document type and document number fields. Para comenzar ingrese su tipo y número de documento, Cédula de ciudadanía, 41728985
[Test worker] INFO net.thucydides.core.steps.ConsoleLoggingListener - STARTING STEP Then login question
[Test worker] INFO net.thucydides.core.steps.ConsoleLoggingListener - FINISHING STEP
[Test worker] INFO net.thucydides.core.steps.ConsoleLoggingListener - STARTING STEP Actor channels
[Test worker] INFO net.thucydides.core.steps.ConsoleLoggingListener - STARTING STEP actor enters 'Cédula de ciudadanía' into Select ID Type
[Test worker] INFO net.thucydides.core.steps.ConsoleLoggingListener - FINISHING STEP
[Test worker] INFO net.thucydides.core.steps.ConsoleLoggingListener - STARTING STEP actor enters '41728985' into Enter User
[Test worker] INFO net.thucydides.core.steps.ConsoleLoggingListener - FINISHING STEP
[Test worker] INFO net.thucydides.core.steps.ConsoleLoggingListener - STARTING STEP actor clicks on Enter User
[Test worker] INFO net.thucydides.core.steps.ConsoleLoggingListener - FINISHING STEP
[Test worker] INFO net.thucydides.core.steps.ConsoleLoggingListener - STARTING STEP actor clicks on Enter User
[Test worker] INFO net.thucydides.core.steps.ConsoleLoggingListener - FINISHING STEP
[Test worker] INFO net.thucydides.core.steps.ConsoleLoggingListener - STARTING STEP actor clicks on Button Continue
[Test worker] INFO net.thucydides.core.steps.ConsoleLoggingListener - FINISHING STEP
[Test worker] INFO net.thucydides.core.steps.ConsoleLoggingListener - FINISHING STEP
[Test worker] INFO net.thucydides.core.steps.ConsoleLoggingListener - FINISHING STEP
[Test worker] INFO net.thucydides.core.steps.ConsoleLoggingListener - STARTING STEP Then you can see the field to enter the password. Ingrese la contraseña
[Test worker] INFO net.thucydides.core.steps.ConsoleLoggingListener - STARTING STEP Then channels question
[Test worker] INFO net.thucydides.core.steps.ConsoleLoggingListener - FINISHING STEP
[Test worker] INFO net.thucydides.core.steps.ConsoleLoggingListener - FINISHING STEP
[Test worker] INFO net.thucydides.core.steps.ConsoleLoggingListener - FINISHING STEP
[Test worker] INFO net.thucydides.core.steps.ConsoleLoggingListener - ?[92m
        __    _____ _____ ____ _____   ____   _    ____  ____  _____ ____  
  _     \ \  |_   _| ____/ ___|_   _| |  _ \ / \  / ___|/ ___|| ____|  _ \ 
 (_)_____| |   | | |  _| \___ \ | |   | |_) / _ \ \___ \\___ \|  _| | | | |
  _|_____| |   | | | |___ ___) || |   |  __/ ___ \ ___) |___) | |___| |_| |
 (_)     | |   |_| |_____|____/ |_|   |_| /_/   \_\____/|____/|_____|____/ 
        /_/                                                                

TEST PASSED: with digital channels
----------------------------------------------------------------------------?[0m
]]></system-err>
</testsuite>
